<?xml version="1.0" encoding="UTF-8"?>
<!-- Generated by org.testng.reporters.JUnitXMLReporter -->
<testsuite ignored="5" hostname="LAPTOP-ASCRCERK" failures="0" tests="0" time="0.014" errors="0" timestamp="2025-05-30T07:51:44 CDT">
  <testcase classname="testcases.CreateAccounttest" name="mergeAccount13" time="0.0">
    <ignored/>
  </testcase> <!-- mergeAccount13 -->
  <testcase classname="testcases.CreateAccounttest" name="createNewView11" time="0.0">
    <ignored/>
  </testcase> <!-- createNewView11 -->
  <testcase classname="testcases.CreateAccounttest" name="createAccount10" time="0.0">
    <ignored/>
  </testcase> <!-- createAccount10 -->
  <testcase classname="testcases.CreateAccounttest" name="createAccountReport14" time="0.0">
    <ignored/>
  </testcase> <!-- createAccountReport14 -->
  <testcase classname="testcases.CreateAccounttest" name="editView12" time="0.0">
    <ignored/>
  </testcase> <!-- editView12 -->
</testsuite>
