<?xml version="1.0" encoding="UTF-8"?>
<testng-results ignored="0" total="8" passed="8" failed="0" skipped="0">
  <reporter-output>
  </reporter-output>
  <suite started-at="2025-06-04T09:46:48 CDT" name="Default suite" finished-at="2025-06-04T09:47:49 CDT" duration-ms="61674">
    <groups>
    </groups>
    <test started-at="2025-06-04T09:46:48 CDT" name="Default test" finished-at="2025-06-04T09:47:49 CDT" duration-ms="61674">
      <class name="testcases.Contactstest">
        <test-method is-config="true" signature="beforeMethod()[pri:0, instance:testcases.Contactstest@6ad82709]" started-at="2025-06-04T09:46:48 CDT" name="beforeMethod" finished-at="2025-06-04T09:46:50 CDT" duration-ms="2278" status="PASS">
          <reporter-output>
          </reporter-output>
        </test-method> <!-- beforeMethod -->
        <test-method signature="checkMyContacts28()[pri:1, instance:testcases.Contactstest@6ad82709]" started-at="2025-06-04T09:46:50 CDT" name="checkMyContacts28" finished-at="2025-06-04T09:46:57 CDT" duration-ms="7180" status="PASS">
          <reporter-output>
          </reporter-output>
        </test-method> <!-- checkMyContacts28 -->
        <test-method is-config="true" signature="teardown()[pri:0, instance:testcases.Contactstest@6ad82709]" started-at="2025-06-04T09:46:57 CDT" name="teardown" finished-at="2025-06-04T09:46:57 CDT" duration-ms="125" status="PASS">
          <reporter-output>
          </reporter-output>
        </test-method> <!-- teardown -->
        <test-method is-config="true" signature="beforeMethod()[pri:0, instance:testcases.Contactstest@6ad82709]" started-at="2025-06-04T09:46:57 CDT" name="beforeMethod" finished-at="2025-06-04T09:46:59 CDT" duration-ms="1505" status="PASS">
          <reporter-output>
          </reporter-output>
        </test-method> <!-- beforeMethod -->
        <test-method signature="createNewContact25()[pri:2, instance:testcases.Contactstest@6ad82709]" started-at="2025-06-04T09:46:59 CDT" name="createNewContact25" finished-at="2025-06-04T09:47:05 CDT" duration-ms="5623" status="PASS">
          <reporter-output>
          </reporter-output>
        </test-method> <!-- createNewContact25 -->
        <test-method is-config="true" signature="teardown()[pri:0, instance:testcases.Contactstest@6ad82709]" started-at="2025-06-04T09:47:05 CDT" name="teardown" finished-at="2025-06-04T09:47:05 CDT" duration-ms="95" status="PASS">
          <reporter-output>
          </reporter-output>
        </test-method> <!-- teardown -->
        <test-method is-config="true" signature="beforeMethod()[pri:0, instance:testcases.Contactstest@6ad82709]" started-at="2025-06-04T09:47:05 CDT" name="beforeMethod" finished-at="2025-06-04T09:47:06 CDT" duration-ms="1514" status="PASS">
          <reporter-output>
          </reporter-output>
        </test-method> <!-- beforeMethod -->
        <test-method signature="createNewViewContactPage26()[pri:3, instance:testcases.Contactstest@6ad82709]" started-at="2025-06-04T09:47:06 CDT" name="createNewViewContactPage26" finished-at="2025-06-04T09:47:12 CDT" duration-ms="5386" status="PASS">
          <reporter-output>
          </reporter-output>
        </test-method> <!-- createNewViewContactPage26 -->
        <test-method is-config="true" signature="teardown()[pri:0, instance:testcases.Contactstest@6ad82709]" started-at="2025-06-04T09:47:12 CDT" name="teardown" finished-at="2025-06-04T09:47:12 CDT" duration-ms="119" status="PASS">
          <reporter-output>
          </reporter-output>
        </test-method> <!-- teardown -->
        <test-method is-config="true" signature="beforeMethod()[pri:0, instance:testcases.Contactstest@6ad82709]" started-at="2025-06-04T09:47:12 CDT" name="beforeMethod" finished-at="2025-06-04T09:47:13 CDT" duration-ms="1492" status="PASS">
          <reporter-output>
          </reporter-output>
        </test-method> <!-- beforeMethod -->
        <test-method signature="createdContactIsInTheContactpage27()[pri:4, instance:testcases.Contactstest@6ad82709]" started-at="2025-06-04T09:47:13 CDT" name="createdContactIsInTheContactpage27" finished-at="2025-06-04T09:47:20 CDT" duration-ms="6786" status="PASS">
          <reporter-output>
          </reporter-output>
        </test-method> <!-- createdContactIsInTheContactpage27 -->
        <test-method is-config="true" signature="teardown()[pri:0, instance:testcases.Contactstest@6ad82709]" started-at="2025-06-04T09:47:20 CDT" name="teardown" finished-at="2025-06-04T09:47:20 CDT" duration-ms="107" status="PASS">
          <reporter-output>
          </reporter-output>
        </test-method> <!-- teardown -->
        <test-method is-config="true" signature="beforeMethod()[pri:0, instance:testcases.Contactstest@6ad82709]" started-at="2025-06-04T09:47:20 CDT" name="beforeMethod" finished-at="2025-06-04T09:47:22 CDT" duration-ms="1452" status="PASS">
          <reporter-output>
          </reporter-output>
        </test-method> <!-- beforeMethod -->
        <test-method signature="viewAContact29()[pri:5, instance:testcases.Contactstest@6ad82709]" started-at="2025-06-04T09:47:22 CDT" name="viewAContact29" finished-at="2025-06-04T09:47:26 CDT" duration-ms="4947" status="PASS">
          <reporter-output>
          </reporter-output>
        </test-method> <!-- viewAContact29 -->
        <test-method is-config="true" signature="teardown()[pri:0, instance:testcases.Contactstest@6ad82709]" started-at="2025-06-04T09:47:26 CDT" name="teardown" finished-at="2025-06-04T09:47:27 CDT" duration-ms="115" status="PASS">
          <reporter-output>
          </reporter-output>
        </test-method> <!-- teardown -->
        <test-method is-config="true" signature="beforeMethod()[pri:0, instance:testcases.Contactstest@6ad82709]" started-at="2025-06-04T09:47:27 CDT" name="beforeMethod" finished-at="2025-06-04T09:47:28 CDT" duration-ms="1513" status="PASS">
          <reporter-output>
          </reporter-output>
        </test-method> <!-- beforeMethod -->
        <test-method signature="viewAContact30()[pri:6, instance:testcases.Contactstest@6ad82709]" started-at="2025-06-04T09:47:28 CDT" name="viewAContact30" finished-at="2025-06-04T09:47:32 CDT" duration-ms="4023" status="PASS">
          <reporter-output>
          </reporter-output>
        </test-method> <!-- viewAContact30 -->
        <test-method is-config="true" signature="teardown()[pri:0, instance:testcases.Contactstest@6ad82709]" started-at="2025-06-04T09:47:32 CDT" name="teardown" finished-at="2025-06-04T09:47:32 CDT" duration-ms="96" status="PASS">
          <reporter-output>
          </reporter-output>
        </test-method> <!-- teardown -->
        <test-method is-config="true" signature="beforeMethod()[pri:0, instance:testcases.Contactstest@6ad82709]" started-at="2025-06-04T09:47:32 CDT" name="beforeMethod" finished-at="2025-06-04T09:47:34 CDT" duration-ms="1778" status="PASS">
          <reporter-output>
          </reporter-output>
        </test-method> <!-- beforeMethod -->
        <test-method signature="cancelButtonInCreateNewView31()[pri:7, instance:testcases.Contactstest@6ad82709]" started-at="2025-06-04T09:47:34 CDT" name="cancelButtonInCreateNewView31" finished-at="2025-06-04T09:47:39 CDT" duration-ms="4616" status="PASS">
          <reporter-output>
          </reporter-output>
        </test-method> <!-- cancelButtonInCreateNewView31 -->
        <test-method is-config="true" signature="teardown()[pri:0, instance:testcases.Contactstest@6ad82709]" started-at="2025-06-04T09:47:39 CDT" name="teardown" finished-at="2025-06-04T09:47:39 CDT" duration-ms="110" status="PASS">
          <reporter-output>
          </reporter-output>
        </test-method> <!-- teardown -->
        <test-method is-config="true" signature="beforeMethod()[pri:0, instance:testcases.Contactstest@6ad82709]" started-at="2025-06-04T09:47:39 CDT" name="beforeMethod" finished-at="2025-06-04T09:47:41 CDT" duration-ms="2109" status="PASS">
          <reporter-output>
          </reporter-output>
        </test-method> <!-- beforeMethod -->
        <test-method signature="saveAndNewButton32()[pri:7, instance:testcases.Contactstest@6ad82709]" started-at="2025-06-04T09:47:41 CDT" name="saveAndNewButton32" finished-at="2025-06-04T09:47:49 CDT" duration-ms="8541" status="PASS">
          <reporter-output>
          </reporter-output>
        </test-method> <!-- saveAndNewButton32 -->
        <test-method is-config="true" signature="teardown()[pri:0, instance:testcases.Contactstest@6ad82709]" started-at="2025-06-04T09:47:49 CDT" name="teardown" finished-at="2025-06-04T09:47:49 CDT" duration-ms="105" status="PASS">
          <reporter-output>
          </reporter-output>
        </test-method> <!-- teardown -->
      </class> <!-- testcases.Contactstest -->
    </test> <!-- Default test -->
  </suite> <!-- Default suite -->
</testng-results>
